ls
bob01.3  bob01.3.test_summaries   bob01.3.test_results
mary.2   mary.2.test_results  mary.2.test_summaries

ls mary.2.test_results/dupline_simple/
badchartest.exitcode.json
badchartest.stderr
badchartest.stdout
failonsegfaultexitcode.exitcode.json
failonsegfaultsignal.exitcode.json
nonexistentprogramtestexitcode.exitcode.json
nonexistentprogramtestexitcode.stdout.canonical.FAILED
ShellTest.exitcode.json
ShellTest.stderr
ShellTest.stdout
ShellTest.stdout.canonical.FAILED
succeedwithsegfault.exitcode.json
test1andtest1.exitcode.json
test1andtest1.stderr
test1andtest1.stdout
test1andtest1.stdout.canonical
test1andtest2.exitcode.json
test1andtest2.stderr
test1andtest2.stdout
test1andtest2.stdout.canonical

ls mary.2.test_summaries/dupline_simple/*
mary.2.test_summaries/dupline_simple/badchartest.summary.json
mary.2.test_summaries/dupline_simple/failonsegfaultexitcode.summary.json
mary.2.test_summaries/dupline_simple/failonsegfaultsignal.summary.json
mary.2.test_summaries/dupline_simple/nonexistentprogramtestexitcode.summary.json
mary.2.test_summaries/dupline_simple/ShellTest.summary.json
mary.2.test_summaries/dupline_simple/succeedwithsegfault.summary.json
mary.2.test_summaries/dupline_simple/test1andtest1.summary.json
mary.2.test_summaries/dupline_simple/test1andtest2.summary.json

utln correctnesstests

bob01   I
    Passed 4, Failed 5, Timed out 0 in testset dupline_simple

        Passed tests: Bad input char
                      Duplines on sample files test1 and test1, 
                      Run a test using the shell option, 
                      Should succeed with segfault

        Failed tests: Call a nonexistent program, 
                      Input too long
                      Duplines on sample files test1 and test2, 
                      Should fail test due to segfault, 
                      Should fail test due to segfault testing segfault signal

     Failure reasons: 
                      exitCode != 4 (1) 
                      Program executable not found (2) 
                      exitCode != 0 (stopped by signal) (1) 
                      signal_name=SIGSEGV [Segmentation Fault] (1)


mary   I
    Passed 3, Failed 6, Timed out 0 in testset dupline_simple

        Passed tests: Bad input char 
                      Duplines on sample files test1 and test1, 
                      Run a test using the shell option

        Failed tests: Call a nonexistent program, 
                      Input too long
                      Duplines on sample files test1 and test2, 
                      Should fail test due to segfault, 
                      Should fail test due to segfault testing segfault signal, 
                      Should succeed with segfault

     Failure reasons: 
                      exitCode !=4 (1) 
                      Program executable not found (5)

